2024-10-17 22:22:32,377 - INFO - Loading data from MongoDB...
2024-10-17 22:22:32,393 - INFO - Starting data cleaning process with 79 rows
2024-10-17 22:22:32,395 - INFO - Cleaning text fields...
2024-10-17 22:22:32,397 - INFO - Validating URLs...
2024-10-17 22:22:32,403 - INFO - Standardizing dates...
2024-10-17 22:22:32,405 - INFO - Removing duplicates...
2024-10-17 22:22:32,407 - INFO - Handling missing data...
2024-10-17 22:22:32,408 - INFO - Cleaning complete. Removed 79 rows (100.00%)
2024-10-17 22:22:32,408 - ERROR - No data left after cleaning
2024-10-17 22:24:26,449 - INFO - Loading data from MongoDB...
2024-10-17 22:24:26,455 - INFO - Starting data cleaning process with 79 rows
2024-10-17 22:24:26,459 - INFO - Sample of initial data:
[{'_id': ObjectId('6711048371c4ea69b886b01d'), 'title': 'Sample News Article', 'content': 'This is a sample news article about the defense sector.', 'source': 'Sample Source', 'published_date': Timestamp('2024-10-17 12:35:15.252000'), 'sentiment': 'Neutral', 'link': nan, 'summary': nan}]
2024-10-17 22:24:26,459 - INFO - Existing columns: ['_id', 'title', 'content', 'source', 'published_date', 'sentiment', 'link', 'summary']
2024-10-17 22:24:26,460 - INFO - 
Column info:
2024-10-17 22:24:26,461 - INFO - _id: 0 null values
2024-10-17 22:24:26,461 - INFO - title: 0 null values
2024-10-17 22:24:26,462 - INFO - content: 78 null values
2024-10-17 22:24:26,462 - INFO - source: 0 null values
2024-10-17 22:24:26,462 - INFO - published_date: 78 null values
2024-10-17 22:24:26,463 - INFO - sentiment: 78 null values
2024-10-17 22:24:26,463 - INFO - link: 1 null values
2024-10-17 22:24:26,463 - INFO - summary: 29 null values
2024-10-17 22:24:26,463 - INFO - Cleaning text fields...
2024-10-17 22:24:26,466 - INFO - Validating URLs...
2024-10-17 22:24:26,468 - WARNING - Found 1 invalid URLs: [nan]
2024-10-17 22:24:26,468 - INFO - Standardizing dates...
2024-10-17 22:24:26,470 - INFO - Removing duplicates...
2024-10-17 22:24:26,474 - INFO - Cleaning complete. Removed 29 rows (36.71%)
2024-10-17 22:24:26,474 - INFO - Final row count: 50
2024-10-17 22:24:26,474 - INFO - Sample of cleaned data:
[{'_id': ObjectId('6711048371c4ea69b886b01d'), 'title': 'sample news article', 'content': 'This is a sample news article about the defense sector.', 'source': 'Sample Source', 'published_date': Timestamp('2024-10-17 12:35:15.252000'), 'sentiment': 'Neutral', 'link': nan, 'summary': 'No summary available', 'cleaned_at': Timestamp('2024-10-17 22:24:26.472126'), 'word_count': 3}]
2024-10-17 22:24:26,513 - INFO - Data saved to 'cleaned_articles'
